<?xml version="1.0" encoding="UTF-8"?>
<testsuite xmlns:xsi="http://www.w3.org/2001/XMLSchema-instance" xsi:noNamespaceSchemaLocation="https://maven.apache.org/surefire/maven-surefire-plugin/xsd/surefire-test-report-3.0.xsd" version="3.0" name="com.bookstore.BookStoreApiApplicationTests" time="4.521" tests="1" errors="0" skipped="0" failures="0">
  <properties>
[...]
</properties>
  <testcase name="contextLoads" classname="com.bookstore.BookStoreApiApplicationTests" time="0.404">
    <system-out><![CDATA[23:54:36.470 [main] INFO org.springframework.test.context.support.AnnotationConfigContextLoaderUtils -- Could not detect default configuration classes for test class [com.bookstore.BookStoreApiApplicationTests]: BookStoreApiApplicationTests does not declare any static, non-private, non-final, nested classes annotated with @Configuration.
23:54:36.549 [main] INFO org.springframework.boot.test.context.SpringBootTestContextBootstrapper -- Found @SpringBootConfiguration com.bookstore.BookstoreApiApplication for test class com.bookstore.BookStoreApiApplicationTests

  .   ____          _            __ _ _
 /\\ / ___'_ __ _ _(_)_ __  __ _ \ \ \ \
( ( )\___ | '_ | '_| | '_ \/ _` | \ \ \ \
 \\/  ___)| |_)| | | | | || (_| |  ) ) ) )
  '  |____| .__|_| |_|_| |_\__, | / / / /
 =========|_|==============|___/=/_/_/_/
 :: Spring Boot ::                (v3.1.0)

2025-11-05T23:54:36.876+05:30  INFO 18343 --- [           main] c.b.BookStoreApiApplicationTests         : Starting BookStoreApiApplicationTests using Java 17.0.12 with PID 18343 (started by root in /home/sonu/Desktop/Elevate_labs/book_store_api)
2025-11-05T23:54:36.876+05:30 DEBUG 18343 --- [           main] c.b.BookStoreApiApplicationTests         : Running with Spring Boot v3.1.0, Spring v6.0.9
2025-11-05T23:54:36.877+05:30  INFO 18343 --- [           main] c.b.BookStoreApiApplicationTests         : No active profile set, falling back to 1 default profile: "default"
2025-11-05T23:54:37.519+05:30  INFO 18343 --- [           main] .s.d.r.c.RepositoryConfigurationDelegate : Bootstrapping Spring Data JPA repositories in DEFAULT mode.
2025-11-05T23:54:37.574+05:30  INFO 18343 --- [           main] .s.d.r.c.RepositoryConfigurationDelegate : Finished Spring Data repository scanning in 44 ms. Found 2 JPA repository interfaces.
2025-11-05T23:54:37.900+05:30  INFO 18343 --- [           main] o.hibernate.jpa.internal.util.LogHelper  : HHH000204: Processing PersistenceUnitInfo [name: default]
2025-11-05T23:54:37.946+05:30  INFO 18343 --- [           main] org.hibernate.Version                    : HHH000412: Hibernate ORM core version 6.2.2.Final
2025-11-05T23:54:37.949+05:30  INFO 18343 --- [           main] org.hibernate.cfg.Environment            : HHH000406: Using bytecode reflection optimizer
2025-11-05T23:54:38.045+05:30  INFO 18343 --- [           main] o.h.b.i.BytecodeProviderInitiator        : HHH000021: Bytecode provider name : bytebuddy
2025-11-05T23:54:38.138+05:30  INFO 18343 --- [           main] o.s.o.j.p.SpringPersistenceUnitInfo      : No LoadTimeWeaver setup: ignoring JPA class transformer
2025-11-05T23:54:38.155+05:30  INFO 18343 --- [           main] com.zaxxer.hikari.HikariDataSource       : HikariPool-1 - Starting...
2025-11-05T23:54:38.295+05:30  INFO 18343 --- [           main] com.zaxxer.hikari.pool.HikariPool        : HikariPool-1 - Added connection conn0: url=jdbc:h2:mem:bookstoredb user=SA
2025-11-05T23:54:38.296+05:30  INFO 18343 --- [           main] com.zaxxer.hikari.HikariDataSource       : HikariPool-1 - Start completed.
2025-11-05T23:54:38.313+05:30  INFO 18343 --- [           main] org.hibernate.orm.dialect                : HHH035001: Using dialect: org.hibernate.dialect.H2Dialect, version: 2.1.214
2025-11-05T23:54:38.487+05:30  INFO 18343 --- [           main] o.h.b.i.BytecodeProviderInitiator        : HHH000021: Bytecode provider name : bytebuddy
2025-11-05T23:54:39.028+05:30  INFO 18343 --- [           main] o.h.e.t.j.p.i.JtaPlatformInitiator       : HHH000490: Using JtaPlatform implementation: [org.hibernate.engine.transaction.jta.platform.internal.NoJtaPlatform]
Hibernate: 
    drop table if exists authors cascade 
Hibernate: 
    drop table if exists books cascade 
Hibernate: 
    create table authors (
        created_at timestamp(6),
        id bigint generated by default as identity,
        updated_at timestamp(6),
        nationality varchar(50),
        email varchar(100),
        name varchar(100) not null,
        bio varchar(500),
        primary key (id)
    )
Hibernate: 
    create table books (
        page_count integer check (page_count>=1),
        price numeric(7,2),
        publication_year integer not null check ((publication_year>=1000) and (publication_year<=2100)),
        author_id bigint,
        created_at timestamp(6),
        id bigint generated by default as identity,
        updated_at timestamp(6),
        genre varchar(50),
        isbn varchar(50) not null unique,
        publisher varchar(100),
        title varchar(200) not null,
        description varchar(1000),
        primary key (id)
    )
Hibernate: 
    alter table if exists books 
       add constraint FKfjixh2vym2cvfj3ufxj91jem7 
       foreign key (author_id) 
       references authors
2025-11-05T23:54:39.073+05:30  INFO 18343 --- [           main] o.h.t.s.i.e.GenerationTargetToDatabase   : HHH000476: Executing script '[injected ScriptSourceInputNonExistentImpl script]'
2025-11-05T23:54:39.074+05:30  INFO 18343 --- [           main] j.LocalContainerEntityManagerFactoryBean : Initialized JPA EntityManagerFactory for persistence unit 'default'
2025-11-05T23:54:39.317+05:30  INFO 18343 --- [           main] o.s.d.j.r.query.QueryEnhancerFactory     : Hibernate is in classpath; If applicable, HQL parser will be used.
2025-11-05T23:54:40.019+05:30  WARN 18343 --- [           main] JpaBaseConfiguration$JpaWebConfiguration : spring.jpa.open-in-view is enabled by default. Therefore, database queries may be performed during view rendering. Explicitly configure spring.jpa.open-in-view to disable this warning
2025-11-05T23:54:40.380+05:30  INFO 18343 --- [           main] o.s.b.a.h2.H2ConsoleAutoConfiguration    : H2 console available at '/h2-console'. Database available at 'jdbc:h2:mem:bookstoredb'
2025-11-05T23:54:40.451+05:30  INFO 18343 --- [           main] c.b.BookStoreApiApplicationTests         : Started BookStoreApiApplicationTests in 3.783 seconds (process running for 4.479)
]]></system-out>
  </testcase>
</testsuite>